{'act_base_eps': 0.1,
 'act_device': 'cpu',
 'act_eps_alpha': 7.0,
 'actor_sync_freq': 10,
 'batchsize': 64,
 'burn_in_frames': 10000,
 'epoch_len': 500,
 'eps': 1.5e-05,
 'eval_bomb': 0,
 'gamma': 0.999,
 'grad_clip': 5.0,
 'greedy_extra': 1,
 'lr': 0.0003,
 'max_len': 80,
 'method': 'vdn',
 'multi_step': 3,
 'num_epoch': 5000,
 'num_game_per_thread': 40,
 'num_player': 2,
 'num_thread': 80,
 'num_update_between_sync': 2500,
 'prefetch': 3,
 'priority_exponent': 0.9,
 'priority_weight': 0.6,
 'replay_buffer_size': 80072,
 'rnn_hid_dim': 512,
 'save_dir': 'exps/op2',
 'seed': 1234,
 'train_bomb': 0,
 'train_device': 'cuda:0'}
R2D2Agent(
  original_name=R2D2Agent
  (online_net): R2D2Net(
    original_name=R2D2Net
    (net): _ConstSequential(
      original_name=_ConstSequential
      (0): ScriptModule(original_name=Linear)
      (1): ScriptModule(original_name=ReLU)
    )
    (lstm): ScriptModule(original_name=LSTM)
    (fc_v): ScriptModule(original_name=Linear)
    (fc_a): ScriptModule(original_name=Linear)
  )
  (target_net): R2D2Net(
    original_name=R2D2Net
    (net): _ConstSequential(
      original_name=_ConstSequential
      (0): ScriptModule(original_name=Linear)
      (1): ScriptModule(original_name=ReLU)
    )
    (lstm): ScriptModule(original_name=LSTM)
    (fc_v): ScriptModule(original_name=Linear)
    (fc_a): ScriptModule(original_name=Linear)
  )
)
actor eps [0.1, 0.08154407395185162, 0.06649435996665046, 0.05422221006501587, 0.04421499907374487, 0.03605471154250502, 0.02940048064334708, 0.023974349678010775, 0.019549661430912607, 0.01594159037455999, 0.012999422244132457, 0.010600258488068826, 0.008643882620598262, 0.007048574036451904, 0.005747694424835353, 0.004686904192314193, 0.0038218926206331195, 0.003116526944929431, 0.0025413430367026368, 0.0020723146452190297, 0.0016898497868124572, 0.0013779723598335584, 0.0011236548001387517, 0.0009162739011886733, 0.0007471670675868075, 0.0006092704661368676, 0.0004968239594734388, 0.0004051304969235383, 0.00033035991201283403, 0.0002693889309590173, 0.00021967070907932357, 0.00017912844546220044, 0.00014606863203649891, 0.0001191103133283007, 9.712740198471169e-05, 7.920164050192559e-05, 6.45842443019698e-05, 5.266462393484282e-05, 4.294487988789273e-05, 3.5019004614317064e-05, 2.8555923019901068e-05, 2.3285662984981972e-05, 1.8988078244652658e-05, 1.5483652565854994e-05, 1.2626001098748582e-05, 1.029575567312513e-05, 8.395578619995106e-06, 6.8460968385746595e-06, 5.582586268862691e-06, 4.552268275507311e-06, 3.712105009066358e-06, 3.0270016537634625e-06, 2.4683404670686517e-06, 2.012785375849939e-06, 1.6413071953751306e-06, 1.3383887531737569e-06, 1.0913767146512742e-06, 0, 0, 0, 0, 0, 0, 0, 0, 0, 0, 0, 0, 0, 0, 0, 0, 0, 0, 0, 0, 0, 0, 0]
training with bomb: 0
Finished creating environments with 3200 games and 80 actors
warming up replay buffer: 0
warming up replay buffer: 0
warming up replay buffer: 0
warming up replay buffer: 0
warming up replay buffer: 0
warming up replay buffer: 0
warming up replay buffer: 0
warming up replay buffer: 0
warming up replay buffer: 0
warming up replay buffer: 0
warming up replay buffer: 11
warming up replay buffer: 37
warming up replay buffer: 171
warming up replay buffer: 314
warming up replay buffer: 445
warming up replay buffer: 661
warming up replay buffer: 873
warming up replay buffer: 955
warming up replay buffer: 1075
warming up replay buffer: 1175
warming up replay buffer: 1276
warming up replay buffer: 1453
warming up replay buffer: 1629
warming up replay buffer: 1754
warming up replay buffer: 1884
warming up replay buffer: 2026
warming up replay buffer: 2174
warming up replay buffer: 2365
warming up replay buffer: 2474
warming up replay buffer: 2586
warming up replay buffer: 2751
warming up replay buffer: 2872
warming up replay buffer: 3036
warming up replay buffer: 3196
warming up replay buffer: 3423
warming up replay buffer: 3587
warming up replay buffer: 3914
warming up replay buffer: 4315
warming up replay buffer: 4559
warming up replay buffer: 4940
beginning of epoch:  0
available: 226.781 GB, used: 139.674 GB, free: 218.897 GB
EPOCH: 0
Speed: train: 111.2, act: 5479.0, buffer_add: 184.6, buffer_size: 26564
Total Time: 0H 04M 47S, 287s
Total Sample: train: 16K, act: 788.28K
[0] Time spent = 287.76 s
0:grad_norm  [ 500]: avg:   1.9340, min:   0.1553[ 117], max:  17.0939[ 190]
0:loss       [ 500]: avg:   0.7197, min:   0.2947[ 303], max:   2.6022[  13]
model saved to model0.pthm
epoch 0, eval score: 0.2810, perfect: 0.00, model saved: True
==========
beginning of epoch:  1
available: 248.082 GB, used: 118.373 GB, free: 240.115 GB
EPOCH: 1
Speed: train: 74.5, act: 5149.3, buffer_add: 103.8, buffer_size: 40053
Total Time: 0H 11M 57S, 717s
Total Sample: train: 32K, act: 1.894M
[1] Time spent = 429.62 s
1:grad_norm  [ 500]: avg:   1.8122, min:   0.4493[  83], max:   6.7172[ 283]
1:loss       [ 500]: avg:   0.7662, min:   0.2548[  84], max:   2.0538[ 166]
model saved to model0.pthm
epoch 1, eval score: 0.8840, perfect: 0.00, model saved: True
==========
beginning of epoch:  2
available: 234.467 GB, used: 131.899 GB, free: 215.708 GB
EPOCH: 2
Speed: train: 74.9, act: 5343.5, buffer_add: 137.5, buffer_size: 40091
Total Time: 0H 19M 04S, 1144s
Total Sample: train: 48K, act: 3.035M
[2] Time spent = 427.18 s
2:grad_norm  [ 500]: avg:   2.7612, min:   0.5885[ 279], max:  13.9157[ 344]
2:loss       [ 500]: avg:   0.9714, min:   0.2849[ 279], max:   2.4309[ 336]
model saved to model0.pthm
epoch 2, eval score: 0.9530, perfect: 0.00, model saved: True
==========
beginning of epoch:  3
available: 198.958 GB, used: 167.502 GB, free: 176.266 GB
EPOCH: 3
Speed: train: 52.8, act: 5686.5, buffer_add: 143.0, buffer_size: 40022
Total Time: 0H 29M 10S, 1750s
Total Sample: train: 64K, act: 4.758M
[3] Time spent = 606.17 s
3:grad_norm  [ 500]: avg:   4.4201, min:   0.8251[  94], max:  27.2798[ 191]
3:loss       [ 500]: avg:   1.0074, min:   0.3159[ 162], max:   2.4952[ 361]
model saved to model0.pthm
epoch 3, eval score: 0.8930, perfect: 0.00, model saved: True
==========
beginning of epoch:  4
available: 191.666 GB, used: 174.872 GB, free: 176.037 GB
EPOCH: 4
Speed: train: 48.8, act: 5651.1, buffer_add: 141.5, buffer_size: 40047
Total Time: 0H 40M 05S, 2405s
Total Sample: train: 80K, act: 6.61M
[4] Time spent = 655.40 s
4:grad_norm  [ 500]: avg:   5.1919, min:   0.9881[ 113], max:  21.3438[ 120]
4:loss       [ 500]: avg:   1.2854, min:   0.4486[ 319], max:   2.6308[  23]
model saved to model0.pthm
epoch 4, eval score: 0.4740, perfect: 0.00, model saved: True
==========
beginning of epoch:  5
available: 180.360 GB, used: 186.178 GB, free: 172.432 GB
EPOCH: 5
Speed: train: 32.7, act: 5762.3, buffer_add: 134.6, buffer_size: 40036
Total Time: 0H 56M 23S, 3383s
Total Sample: train: 96K, act: 9.428M
[5] Time spent = 977.82 s
5:grad_norm  [ 500]: avg:   9.5728, min:   2.8323[ 374], max:  39.1110[ 148]
5:loss       [ 500]: avg:   2.6767, min:   1.1359[ 144], max:   9.2176[  32]
model saved to model0.pthm
epoch 5, eval score: 3.5850, perfect: 0.00, model saved: True
==========
beginning of epoch:  6
available: 202.485 GB, used: 163.971 GB, free: 194.528 GB
EPOCH: 6
Speed: train: 31.5, act: 5885.9, buffer_add: 90.3, buffer_size: 40024
Total Time: 1H 13M 18S, 4398s
Total Sample: train: 112K, act: 12.414M
[6] Time spent = 1014.70 s
6:grad_norm  [ 500]: avg:   9.2759, min:   2.7678[  73], max:  26.2691[ 347]
6:loss       [ 500]: avg:   2.2311, min:   1.1614[ 394], max:   3.5218[   7]
model saved to model0.pthm
epoch 6, eval score: 4.2580, perfect: 0.00, model saved: True
==========
beginning of epoch:  7
available: 193.602 GB, used: 172.771 GB, free: 185.682 GB
EPOCH: 7
Speed: train: 28.5, act: 5945.8, buffer_add: 88.0, buffer_size: 40073
Total Time: 1H 32M 01S, 5521s
Total Sample: train: 128K, act: 15.754M
[7] Time spent = 1123.54 s
7:grad_norm  [ 500]: avg:   8.8939, min:   3.1184[ 276], max:  22.5628[ 381]
7:loss       [ 500]: avg:   1.8736, min:   1.0812[ 394], max:   2.7313[ 123]
model saved to model0.pthm
epoch 7, eval score: 5.0880, perfect: 0.00, model saved: True
==========
beginning of epoch:  8
available: 226.435 GB, used: 139.937 GB, free: 218.512 GB
EPOCH: 8
Speed: train: 27.5, act: 5984.4, buffer_add: 90.9, buffer_size: 40158
Total Time: 1H 51M 27S, 6687s
Total Sample: train: 144K, act: 19.242M
[8] Time spent = 1166.52 s
8:grad_norm  [ 500]: avg:  10.3480, min:   3.2548[ 211], max:  44.7049[ 327]
8:loss       [ 500]: avg:   2.4611, min:   1.5108[   4], max:   4.1392[ 115]
model saved to model0.pthm
epoch 8, eval score: 4.2470, perfect: 0.00, model saved: True
==========
beginning of epoch:  9
available: 224.563 GB, used: 141.720 GB, free: 210.664 GB
EPOCH: 9
Speed: train: 26.5, act: 6028.5, buffer_add: 86.5, buffer_size: 40053
Total Time: 2H 11M 35S, 7895s
Total Sample: train: 160K, act: 22.883M
[9] Time spent = 1208.13 s
9:grad_norm  [ 500]: avg:   8.3974, min:   2.8835[ 343], max:  37.1010[ 392]
9:loss       [ 500]: avg:   2.0581, min:   1.1176[ 226], max:   3.4696[ 429]
model saved to model0.pthm
epoch 9, eval score: 4.6940, perfect: 0.00, model saved: True
==========
beginning of epoch:  10
available: 189.779 GB, used: 176.595 GB, free: 172.164 GB
EPOCH: 10
Speed: train: 27.9, act: 5993.0, buffer_add: 96.8, buffer_size: 40055
Total Time: 2H 30M 41S, 9041s
Total Sample: train: 176K, act: 26.317M
[10] Time spent = 1145.84 s
10:grad_norm [ 500]: avg:  17.6709, min:   5.9381[  37], max:  68.0962[ 481]
10:loss      [ 500]: avg:   4.3655, min:   2.0989[  79], max:   6.5915[ 427]
model saved to model1.pthm
epoch 10, eval score: 6.7910, perfect: 0.00, model saved: True
==========
beginning of epoch:  11
available: 175.568 GB, used: 190.970 GB, free: 168.902 GB
